2026-06-26 22:44:35,130 - INFO - Starting LeetSync...
2026-06-26 22:44:35,130 - ERROR - Configuration is invalid. Please set LEETCODE_SESSION and LEETCODE_CSRF_TOKEN in your .env file.
2026-06-26 22:47:14,984 - INFO - Starting LeetSync...
2026-06-26 22:47:14,984 - INFO - Initializing new git repository...
2026-06-26 22:47:15,072 - INFO - Monitoring LeetCode submissions every 300 seconds.
2026-06-26 22:47:15,072 - INFO - Checking for new accepted submissions...
2026-06-26 22:47:16,112 - ERROR - Failed to fetch recent submissions: 400 Client Error: Bad Request for url: https://leetcode.com/graphql
2026-06-26 22:47:16,112 - INFO - Sleeping for 300 seconds...
2026-06-26 22:49:15,488 - INFO - Starting LeetSync...
2026-06-26 22:49:15,488 - INFO - Monitoring LeetCode submissions every 300 seconds.
2026-06-26 22:49:15,489 - INFO - Checking for new accepted submissions...
2026-06-26 22:49:19,672 - INFO - Processing new Accepted submission 2043336178 for Number of ZigZag Arrays I
2026-06-26 22:49:20,786 - INFO - Staging changes...
2026-06-26 22:49:20,912 - INFO - Committing with message: 'Solved 3699. Number of ZigZag Arrays I'
2026-06-26 22:49:20,983 - INFO - Pushing to remote...
2026-06-26 22:49:24,796 - INFO - Successfully pushed to remote.
2026-06-26 22:49:24,797 - INFO - Successfully processed submission 2043336178 (3699_Number_of_ZigZag_Arrays_I)
2026-06-26 22:49:24,797 - INFO - Processing new Accepted submission 2044435224 for Number of ZigZag Arrays I
2026-06-26 22:49:25,871 - INFO - Staging changes...
2026-06-26 22:49:25,945 - INFO - Committing with message: 'Solved 3699. Number of ZigZag Arrays I'
2026-06-26 22:49:26,007 - INFO - Pushing to remote...
